C51 COMPILER V9.57.0.0   ADC                                                               03/05/2023 11:39:28 PAGE 1   


C51 COMPILER V9.57.0.0, COMPILATION OF MODULE ADC
OBJECT MODULE PLACED IN ..\OBJ\ADC.obj
COMPILER INVOKED BY: C:\Keil_v5\C51\BIN\C51.EXE ..\HANDWARE\ADC\ADC.c LARGE OMF2 OPTIMIZE(3,SIZE) BROWSE INCDIR(..\USER;
                    -..\FUNC_HANDLER;..\GUI_APP;..\HANDWARE\ADC;..\HANDWARE\GPIO;..\HANDWARE\PWM;..\HANDWARE\TIMER;..\HANDWARE\UART) DEBUG PR
                    -INT(..\OBJ\Listing\ADC.lst) TABS(2) OBJECT(..\OBJ\ADC.obj)

line level    source

   1          //==============================================================================
   2          //---------------------------------Includes-------------------------------------
   3          //==============================================================================
   4          #include "ADC.h"
   5          
   6          //==============================================================================
   7          //---------------------------------Defines--------------------------------------
   8          //==============================================================================
   9          #define ADC_START_ADDR    0x32
  10          
  11          //==============================================================================
  12          //---------------------------------ADC READ-------------------------------------
  13          //==============================================================================
  14          //channel:0-7
  15          u16 AdcRead(u16 channel)
  16          {
  17   1        ReadDgusVp(ADC_START_ADDR+channel,(u8*)&channel,1);
  18   1        
  19   1        return channel;
  20   1      }
  21          
  22          //==============================================================================
  23          //-----------------------------ADC READ AVERAGE---------------------------------
  24          //==============================================================================
  25          u16 AdcReadAvg(u16 channel,u16 avg_cnt)
  26          {
  27   1        u16 cnt;
  28   1        u16 ad;
  29   1        u16 max_ad = 0;
  30   1        u16 min_ad = 0xFFFF;
  31   1        float ad_sum = 0;
  32   1        
  33   1        for(cnt=0;cnt<avg_cnt;cnt++)
  34   1        {
  35   2        //  sys_delay_ms(100);
  36   2      
  37   2          ad = AdcRead(channel);
  38   2          ad_sum += ad;
  39   2          if(ad>max_ad)
  40   2            max_ad = ad;
  41   2          if(ad<min_ad)
  42   2            min_ad = ad;
  43   2        }
  44   1        if(avg_cnt>2)
  45   1        {
  46   2          ad_sum = ad_sum-max_ad-min_ad;
  47   2          avg_cnt -= 2;
  48   2        }
  49   1        ad = (u16)(ad_sum/avg_cnt+0.5f);
  50   1        
  51   1        return ad;
  52   1      }
  53          
C51 COMPILER V9.57.0.0   ADC                                                               03/05/2023 11:39:28 PAGE 2   

  54          //==============================================================================
  55          //---------------------------------END FILE-------------------------------------
  56          //==============================================================================


MODULE INFORMATION:   STATIC OVERLAYABLE
   CODE SIZE        =    422    ----
   CONSTANT SIZE    =   ----    ----
   XDATA SIZE       =   ----      18
   PDATA SIZE       =   ----    ----
   DATA SIZE        =   ----    ----
   IDATA SIZE       =   ----    ----
   BIT SIZE         =   ----    ----
   EDATA SIZE       =   ----    ----
   HDATA SIZE       =   ----    ----
   XDATA CONST SIZE =   ----    ----
   FAR CONST SIZE   =   ----    ----
END OF MODULE INFORMATION.


C51 COMPILATION COMPLETE.  0 WARNING(S),  0 ERROR(S)
