C51 COMPILER V9.57.0.0   MAIN                                                              03/05/2023 11:39:28 PAGE 1   


C51 COMPILER V9.57.0.0, COMPILATION OF MODULE MAIN
OBJECT MODULE PLACED IN ..\OBJ\main.obj
COMPILER INVOKED BY: C:\Keil_v5\C51\BIN\C51.EXE main.c LARGE OMF2 OPTIMIZE(3,SIZE) BROWSE INCDIR(..\USER;..\FUNC_HANDLER
                    -;..\GUI_APP;..\HANDWARE\ADC;..\HANDWARE\GPIO;..\HANDWARE\PWM;..\HANDWARE\TIMER;..\HANDWARE\UART) DEBUG PRINT(..\OBJ\List
                    -ing\main.lst) TABS(2) OBJECT(..\OBJ\main.obj)

line level    source

   1          
   2          //==============================================================================
   3          //---------------------------------Includes-------------------------------------
   4          //==============================================================================
   5          #include "sys.h"
   6          #include "ADC.h"
   7          #include "UART.h"
   8          #include "TIMER.h"
   9          #include "GPIO.h"
  10          //==============================================================================
  11          //---------------------------------Defines--------------------------------------
  12          //==============================================================================
  13          #define ADR_CNT         0x5000
  14          #define ADR_ADC         0x5010
  15          #define ADR_LED         0x5020
  16          #define ADR_BUTTON      0x5030
  17          
  18          
  19          sbit GPIO_LED_0 = P1^0;
  20          sbit GPIO_LED_1 = P1^1;
  21          sbit GPIO_LED_2 = P1^2;
  22          sbit GPIO_BUTTON = P1^3; 
  23          
  24          //==============================================================================
  25          //--------------------------------Variables-------------------------------------
  26          //==============================================================================
  27          
  28          xdata u16 CounterVar = 0;
  29          u16 ButState = 0;
  30          u16 ReadU16 = 0;
  31          
  32          //==============================================================================
  33          //--------------------------------PROTOTYPE-------------------------------------
  34          //==============================================================================
  35          
  36          //==============================================================================
  37          //---------------------------------- INIT---------------------------------------
  38          //==============================================================================
  39          
  40          void GpioInit()
  41          {
  42   1        SetPinOut(GPIO_PORT_1,GPIO_PIN_0);
  43   1        SetPinOut(GPIO_PORT_1,GPIO_PIN_1);
  44   1        SetPinOut(GPIO_PORT_1,GPIO_PIN_2);
  45   1        SetPinIn(GPIO_PORT_1,GPIO_PIN_3);
  46   1      }
  47          
  48          
  49          void MainInit()
  50          {
  51   1        InitCPU();    //System initialization
  52   1        GpioInit();   //GPIO pin initialization
  53   1        TimerInit();  //Timer initialization
C51 COMPILER V9.57.0.0   MAIN                                                              03/05/2023 11:39:28 PAGE 2   

  54   1        StartTimer(1000);
  55   1        GPIO_LED_0 = GPIO_OUT_HIGHT;
  56   1        GPIO_LED_1 = GPIO_OUT_LOW;
  57   1        GPIO_LED_2 = GPIO_OUT_LOW;
  58   1        CounterVar = 0;
  59   1        WriteDgusVp(ADR_CNT,(u8*)&CounterVar,1);
  60   1      }
  61          
  62          
  63          
  64          //==============================================================================
  65          //--------------------------------FUNCTIONS-------------------------------------
  66          //==============================================================================
  67          void GpioProcess()
  68          {
  69   1        ReadU16 = 0;
  70   1        ReadDgusVp(ADR_LED,(u8*)&ReadU16,1);
  71   1        ButState = GPIO_BUTTON;
  72   1        
  73   1        if (ReadU16 == 0)
  74   1        {
  75   2          GPIO_LED_0 = GPIO_OUT_HIGHT;
  76   2        }
  77   1        else
  78   1        {
  79   2          GPIO_LED_0 = GPIO_OUT_LOW;
  80   2        }
  81   1        
  82   1        if (ButState == 0)
  83   1        {
  84   2          u16 writeVar = 1;
  85   2          GPIO_LED_1 = GPIO_OUT_HIGHT;
  86   2          WriteDgusVp(ADR_BUTTON,(u8*)&writeVar,1);
  87   2        }
  88   1        else
  89   1        {
  90   2          u16 writeVar = 0;
  91   2          GPIO_LED_1 = GPIO_OUT_LOW;
  92   2          WriteDgusVp(ADR_BUTTON,(u8*)&writeVar,1);
  93   2          
  94   2        }
  95   1      }
  96          
  97          void AdcProcess()
  98          {
  99   1        u16 AdcData =  AdcReadAvg(ADC_CHANNEL1,100);
 100   1        WriteDgusVp(ADR_ADC,(u8*)&AdcData,1);
 101   1      }
 102          
 103          
 104          void CounterProcess()
 105          {
 106   1        if (GetTimeOutFlag())
 107   1        {
 108   2          ClearTimeFlag();
 109   2          CounterVar++;
 110   2          GPIO_LED_2 = ~GPIO_LED_2;
 111   2          WriteDgusVp(ADR_CNT,(u8*)&CounterVar,1);
 112   2        }
 113   1      }
 114          
 115          
C51 COMPILER V9.57.0.0   MAIN                                                              03/05/2023 11:39:28 PAGE 3   

 116          //==============================================================================
 117          //-----------------------------------MAIN---------------------------------------
 118          //==============================================================================
 119          void main(void)
 120          {   
 121   1        
 122   1        MainInit();
 123   1        while(1)
 124   1        { 
 125   2          GpioProcess();  
 126   2          AdcProcess(); 
 127   2          CounterProcess();   
 128   2        }
 129   1      }
 130          
 131          
 132          //==============================================================================
 133          //---------------------------------END FILE-------------------------------------
 134          //==============================================================================


MODULE INFORMATION:   STATIC OVERLAYABLE
   CODE SIZE        =    293    ----
   CONSTANT SIZE    =   ----    ----
   XDATA SIZE       =      6       4
   PDATA SIZE       =   ----    ----
   DATA SIZE        =   ----    ----
   IDATA SIZE       =   ----    ----
   BIT SIZE         =   ----    ----
   EDATA SIZE       =   ----    ----
   HDATA SIZE       =   ----    ----
   XDATA CONST SIZE =   ----    ----
   FAR CONST SIZE   =   ----    ----
END OF MODULE INFORMATION.


C51 COMPILATION COMPLETE.  0 WARNING(S),  0 ERROR(S)
