C51 COMPILER V9.57.0.0   TIMER                                                             03/05/2023 11:39:29 PAGE 1   


C51 COMPILER V9.57.0.0, COMPILATION OF MODULE TIMER
OBJECT MODULE PLACED IN ..\OBJ\TIMER.obj
COMPILER INVOKED BY: C:\Keil_v5\C51\BIN\C51.EXE ..\HANDWARE\TIMER\TIMER.c LARGE OMF2 OPTIMIZE(3,SIZE) BROWSE INCDIR(..\U
                    -SER;..\FUNC_HANDLER;..\GUI_APP;..\HANDWARE\ADC;..\HANDWARE\GPIO;..\HANDWARE\PWM;..\HANDWARE\TIMER;..\HANDWARE\UART) DEBU
                    -G PRINT(..\OBJ\Listing\TIMER.lst) TABS(2) OBJECT(..\OBJ\TIMER.obj)

line level    source

   1          //==============================================================================
   2          //---------------------------------Includes-------------------------------------
   3          //==============================================================================
   4          #include "TIMER.h"
   5          
   6          //==============================================================================
   7          //---------------------------------Defines--------------------------------------
   8          //==============================================================================
   9          #define T0_PERIOD_1MS   0xBCCD    //1ms timing period
  10          xdata u16 TimeOut = 0;
  11          xdata u32 Counter = 1000;
  12          
  13          //==============================================================================
  14          //---------------------------------- INIT---------------------------------------
  15          //==============================================================================
  16          void TimerInit()
  17          {
  18   1        //16-bit timer working mode
  19   1        TMOD &= 0xFC;
  20   1        TMOD |= 0x01;
  21   1        //Timing period is 1ms
  22   1        TH0 = (u8)(T0_PERIOD_1MS>>8); 
  23   1        TL0 = (u8)T0_PERIOD_1MS;
  24   1        ET0 = 1;//Enable timer 0 Interrupt
  25   1        EA = 1;//Enable total interrupt
  26   1        TR0 = 1;//Start timer 0
  27   1      }
  28          
  29          //==============================================================================
  30          //--------------------------------INTERRUPT-------------------------------------
  31          //==============================================================================
  32          void timer0_isr() interrupt 1
  33          {
  34   1        static idata u32 CntTimer = 0;
  35   1        //Reload period value
  36   1        TH0 = (u8)(T0_PERIOD_1MS>>8); 
  37   1        TL0 = (u8)T0_PERIOD_1MS;
  38   1        CntTimer++;
  39   1        if(CntTimer==Counter)//1s timing period is up
  40   1        {
  41   2          CntTimer = 0;
  42   2          TimeOut = 1;//Perform an operation that increments by 1
  43   2        } 
  44   1      }
  45          
  46          
  47          //==============================================================================
  48          //--------------------------------FUNCTIONS-------------------------------------
  49          //==============================================================================
  50          void StartTimer(u32 time)
  51          {
  52   1        Counter = time;
  53   1      }
C51 COMPILER V9.57.0.0   TIMER                                                             03/05/2023 11:39:29 PAGE 2   

  54          
  55          u16 GetTimeOutFlag()
  56          {
  57   1        return TimeOut;
  58   1      }
  59          void ClearTimeFlag()
  60          {
  61   1        TimeOut = 0;
  62   1      }
  63          
  64          //==============================================================================
  65          //---------------------------------END FILE-------------------------------------
  66          //==============================================================================


MODULE INFORMATION:   STATIC OVERLAYABLE
   CODE SIZE        =    173    ----
   CONSTANT SIZE    =   ----    ----
   XDATA SIZE       =      6       4
   PDATA SIZE       =   ----    ----
   DATA SIZE        =   ----    ----
   IDATA SIZE       =      4    ----
   BIT SIZE         =   ----    ----
   EDATA SIZE       =   ----    ----
   HDATA SIZE       =   ----    ----
   XDATA CONST SIZE =   ----    ----
   FAR CONST SIZE   =   ----    ----
END OF MODULE INFORMATION.


C51 COMPILATION COMPLETE.  0 WARNING(S),  0 ERROR(S)
