C51 COMPILER V9.00   MAIN                                                                  04/17/2019 12:25:10 PAGE 1   


C51 COMPILER V9.00, COMPILATION OF MODULE MAIN
OBJECT MODULE PLACED IN .\obj\main.obj
COMPILER INVOKED BY: C:\Keil4.1\C51\BIN\C51.EXE main.c BROWSE INCDIR(..\T5L) DEBUG OBJECTEXTEND OBJECT(.\obj\main.obj)

line level    source

   1          #include "t5los8051.h"
*** WARNING C318 IN LINE 1 OF main.c: can't open file 't5los8051.h'
   2          #include "sys.h"
*** WARNING C318 IN LINE 4 OF sys.h: can't open file 't5los8051.h'
*** ERROR C202 IN LINE 25 OF SYS.H: 'P3': undefined identifier
*** ERROR C202 IN LINE 26 OF SYS.H: 'P1': undefined identifier
*** ERROR C202 IN LINE 27 OF SYS.H: 'P1': undefined identifier
   3          
   4          
   5          
   6          
   7          
   8          
   9          
  10          int main(void)
  11          {   
  12   1          INIT_CPU();
  13   1          T2_Init();
  14   1          EA=1;
*** ERROR C202 IN LINE 14 OF MAIN.C: 'EA': undefined identifier
  15   1              while(1)
  16   1              {   
  17   2              P1_1=!P1_1;
*** ERROR C202 IN LINE 17 OF MAIN.C: 'P1_1': undefined identifier
  18   2              delay_ms(1000);
  19   2              }
  20   1      }
  21          
  22          
  23          
  24          
  25          
  26          
  27          
  28          
  29          
  30          
  31          
  32          
  33          
  34          
  35          
  36          
  37          
  38          
  39          

C51 COMPILATION COMPLETE.  2 WARNING(S),  5 ERROR(S)
