C51 COMPILER V9.57.0.0   GPIO                                                              02/24/2023 21:51:30 PAGE 1   


C51 COMPILER V9.57.0.0, COMPILATION OF MODULE GPIO
OBJECT MODULE PLACED IN ..\OBJ\out\GPIO.obj
COMPILER INVOKED BY: C:\Keil_v5\C51\BIN\C51.EXE ..\HANDWARE\GPIO\GPIO.c LARGE OMF2 OPTIMIZE(3,SIZE) BROWSE INCDIR(..\USE
                    -R;..\FUNC_HANDLER;..\GUI_APP;..\HANDWARE\ADC;..\HANDWARE\GPIO;..\HANDWARE\PWM;..\HANDWARE\TIMER;..\HANDWARE\UART) DEBUG 
                    -PRINT(..\OBJ\GPIO.lst) TABS(2) OBJECT(..\OBJ\out\GPIO.obj)

line level    source

   1          
   2          //==============================================================================
   3          //---------------------------------Includes-------------------------------------
   4          //==============================================================================
   5          #include "GPIO.h"
   6          
   7          
   8          
   9          //==============================================================================
  10          //---------------------------------Defines--------------------------------------
  11          //==============================================================================
  12          
  13          
  14          
  15          //==============================================================================
  16          //---------------------------------- INIT---------------------------------------
  17          //==============================================================================
  18          
  19          void GpioInit()
  20          {
  21   1        PORTDRV = 0x01;   //Drive current is 8mA
  22   1        P1MDOUT |= 0x01;  //Set P1.0 as output to drive LED1 light
  23   1        P1MDOUT &= 0xFD;  //Set P1.1 as an input for reading the level change of the pin
  24   1      }
  25          
  26          
  27          //==============================================================================
  28          //---------------------------------END FILE-------------------------------------
  29          //==============================================================================


MODULE INFORMATION:   STATIC OVERLAYABLE
   CODE SIZE        =     10    ----
   CONSTANT SIZE    =   ----    ----
   XDATA SIZE       =   ----    ----
   PDATA SIZE       =   ----    ----
   DATA SIZE        =   ----    ----
   IDATA SIZE       =   ----    ----
   BIT SIZE         =   ----    ----
   EDATA SIZE       =   ----    ----
   HDATA SIZE       =   ----    ----
   XDATA CONST SIZE =   ----    ----
   FAR CONST SIZE   =   ----    ----
END OF MODULE INFORMATION.


C51 COMPILATION COMPLETE.  0 WARNING(S),  0 ERROR(S)
